[0717/155011:ERROR:process_info.cc(330)] VirtualQueryEx: Zugriff verweigert (0x5)
[0717/155011:ERROR:process_info.cc(547)] ReadMemoryInfo failed
[0717/155011:ERROR:process_info.cc(608)] range at 0x7748ab40, size 0x24 fully unreadable
[0717/155011:ERROR:process_info.cc(608)] range at 0x7738bc84, size 0x12 fully unreadable
[0717/155011:ERROR:process_info.cc(608)] range at 0x7738bc84, size 0x12 fully unreadable
[0717/155011:ERROR:process_info.cc(608)] range at 0x7738bc84, size 0x12 fully unreadable
[0717/155011:ERROR:process_info.cc(608)] range at 0x774884b8, size 0x18 fully unreadable
[0717/155011:ERROR:process_info.cc(608)] range at 0x7748883c, size 0x20 fully unreadable
[0717/155011:ERROR:process_reader_win.cc(232)] ReadMemory at 0xe40000 of 64 bytes failed: Nur ein Teil der ReadProcessMemory- oder WriteProcessMemory-Anforderung wurde abgeschlossen. (0x12B)
[0717/155011:WARNING:pe_image_reader.cc(280)] could not read dos header from C:\Program Files (x86)\Google\Chrome\Application\chrome.exe
[0717/155011:ERROR:process_reader_win.cc(232)] ReadMemory at 0x77380000 of 64 bytes failed: Nur ein Teil der ReadProcessMemory- oder WriteProcessMemory-Anforderung wurde abgeschlossen. (0x12B)
[0717/155011:WARNING:pe_image_reader.cc(280)] could not read dos header from C:\WINDOWS\SYSTEM32\ntdll.dll
[0717/155011:ERROR:process_reader_win.cc(232)] ReadMemory at 0x75bb0000 of 64 bytes failed: Nur ein Teil der ReadProcessMemory- oder WriteProcessMemory-Anforderung wurde abgeschlossen. (0x12B)
[0717/155011:WARNING:pe_image_reader.cc(280)] could not read dos header from C:\WINDOWS\SYSTEM32\KERNELBASE.dll
[0717/155011:ERROR:process_reader_win.cc(232)] ReadMemory at 0x74e80000 of 64 bytes failed: Nur ein Teil der ReadProcessMemory- oder WriteProcessMemory-Anforderung wurde abgeschlossen. (0x12B)
[0717/155011:WARNING:pe_image_reader.cc(280)] could not read dos header from C:\WINDOWS\SYSTEM32\KERNEL32.DLL
[0717/155011:ERROR:process_reader_win.cc(232)] ReadMemory at 0x6d0c0000 of 64 bytes failed: Nur ein Teil der ReadProcessMemory- oder WriteProcessMemory-Anforderung wurde abgeschlossen. (0x12B)
[0717/155011:WARNING:pe_image_reader.cc(280)] could not read dos header from C:\WINDOWS\system32\apphelp.dll
[0717/155011:ERROR:process_reader_win.cc(232)] ReadMemory at 0x75140000 of 64 bytes failed: Nur ein Teil der ReadProcessMemory- oder WriteProcessMemory-Anforderung wurde abgeschlossen. (0x12B)
[0717/155011:WARNING:pe_image_reader.cc(280)] could not read dos header from C:\WINDOWS\SYSTEM32\msvcrt.dll
[0717/155011:ERROR:process_reader_win.cc(232)] ReadMemory at 0x75ac0000 of 64 bytes failed: Nur ein Teil der ReadProcessMemory- oder WriteProcessMemory-Anforderung wurde abgeschlossen. (0x12B)
[0717/155011:WARNING:pe_image_reader.cc(280)] could not read dos header from C:\WINDOWS\SYSTEM32\bcryptPrimitives.dll
[0717/155011:ERROR:process_reader_win.cc(232)] ReadMemory at 0x73fc0000 of 64 bytes failed: Nur ein Teil der ReadProcessMemory- oder WriteProcessMemory-Anforderung wurde abgeschlossen. (0x12B)
[0717/155011:WARNING:pe_image_reader.cc(280)] could not read dos header from C:\WINDOWS\SYSTEM32\CRYPTBASE.dll
[0717/155011:ERROR:process_reader_win.cc(232)] ReadMemory at 0x73fd0000 of 64 bytes failed: Nur ein Teil der ReadProcessMemory- oder WriteProcessMemory-Anforderung wurde abgeschlossen. (0x12B)
[0717/155011:WARNING:pe_image_reader.cc(280)] could not read dos header from C:\WINDOWS\SYSTEM32\SspiCli.dll
[0717/155011:ERROR:process_reader_win.cc(232)] ReadMemory at 0x74dd0000 of 64 bytes failed: Nur ein Teil der ReadProcessMemory- oder WriteProcessMemory-Anforderung wurde abgeschlossen. (0x12B)
[0717/155011:WARNING:pe_image_reader.cc(280)] could not read dos header from C:\WINDOWS\SYSTEM32\RPCRT4.dll
[0717/155011:ERROR:process_reader_win.cc(232)] ReadMemory at 0x741a0000 of 64 bytes failed: Nur ein Teil der ReadProcessMemory- oder WriteProcessMemory-Anforderung wurde abgeschlossen. (0x12B)
[0717/155011:WARNING:pe_image_reader.cc(280)] could not read dos header from C:\WINDOWS\SYSTEM32\sechost.dll
[0717/155011:ERROR:process_reader_win.cc(232)] ReadMemory at 0x75200000 of 64 bytes failed: Nur ein Teil der ReadProcessMemory- oder WriteProcessMemory-Anforderung wurde abgeschlossen. (0x12B)
[0717/155011:WARNING:pe_image_reader.cc(280)] could not read dos header from C:\WINDOWS\SYSTEM32\ADVAPI32.dll
[0717/155011:ERROR:process_reader_win.cc(232)] ReadMemory at 0x5f630000 of 64 bytes failed: Nur ein Teil der ReadProcessMemory- oder WriteProcessMemory-Anforderung wurde abgeschlossen. (0x12B)
[0717/155011:WARNING:pe_image_reader.cc(280)] could not read dos header from C:\Program Files (x86)\Norton 360\NortonData\22.5.2.15\Definitions\IPSDefs\20160715.001\IPSEng32.dll
[0717/155011:ERROR:process_reader_win.cc(232)] ReadMemory at 0x5f600000 of 64 bytes failed: Nur ein Teil der ReadProcessMemory- oder WriteProcessMemory-Anforderung wurde abgeschlossen. (0x12B)
[0717/155011:WARNING:pe_image_reader.cc(280)] could not read dos header from C:\Program Files (x86)\Google\Chrome\Application\51.0.2704.103\chrome_elf.dll
[0717/155011:ERROR:process_reader_win.cc(232)] ReadMemory at 0x73be0000 of 64 bytes failed: Nur ein Teil der ReadProcessMemory- oder WriteProcessMemory-Anforderung wurde abgeschlossen. (0x12B)
[0717/155011:WARNING:pe_image_reader.cc(280)] could not read dos header from C:\WINDOWS\SYSTEM32\VERSION.dll
[0717/155011:ERROR:process_reader_win.cc(232)] ReadMemory at 0x75280000 of 64 bytes failed: Nur ein Teil der ReadProcessMemory- oder WriteProcessMemory-Anforderung wurde abgeschlossen. (0x12B)
[0717/155011:WARNING:pe_image_reader.cc(280)] could not read dos header from C:\WINDOWS\SYSTEM32\cfgmgr32.dll
[0717/155011:ERROR:process_reader_win.cc(232)] ReadMemory at 0x72f80000 of 64 bytes failed: Nur ein Teil der ReadProcessMemory- oder WriteProcessMemory-Anforderung wurde abgeschlossen. (0x12B)
[0717/155011:WARNING:pe_image_reader.cc(280)] could not read dos header from C:\WINDOWS\SYSTEM32\WINMMBASE.dll
[0717/155011:ERROR:process_reader_win.cc(232)] ReadMemory at 0x74ff0000 of 64 bytes failed: Nur ein Teil der ReadProcessMemory- oder WriteProcessMemory-Anforderung wurde abgeschlossen. (0x12B)
[0717/155011:WARNING:pe_image_reader.cc(280)] could not read dos header from C:\WINDOWS\SYSTEM32\GDI32.dll
[0717/155011:ERROR:process_reader_win.cc(232)] ReadMemory at 0x75720000 of 64 bytes failed: Nur ein Teil der ReadProcessMemory- oder WriteProcessMemory-Anforderung wurde abgeschlossen. (0x12B)
[0717/155011:WARNING:pe_image_reader.cc(280)] could not read dos header from C:\WINDOWS\SYSTEM32\USER32.dll
[0717/155011:ERROR:process_reader_win.cc(232)] ReadMemory at 0x73ff0000 of 64 bytes failed: Nur ein Teil der ReadProcessMemory- oder WriteProcessMemory-Anforderung wurde abgeschlossen. (0x12B)
[0717/155011:WARNING:pe_image_reader.cc(280)] could not read dos header from C:\WINDOWS\SYSTEM32\IMM32.DLL
[0717/155011:ERROR:process_reader_win.cc(232)] ReadMemory at 0x72fb0000 of 64 bytes failed: Nur ein Teil der ReadProcessMemory- oder WriteProcessMemory-Anforderung wurde abgeschlossen. (0x12B)
[0717/155011:WARNING:pe_image_reader.cc(280)] could not read dos header from C:\WINDOWS\SYSTEM32\WINMM.dll
[0717/155011:ERROR:process_reader_win.cc(232)] ReadMemory at 0x741f0000 of 64 bytes failed: Nur ein Teil der ReadProcessMemory- oder WriteProcessMemory-Anforderung wurde abgeschlossen. (0x12B)
[0717/155011:WARNING:pe_image_reader.cc(280)] could not read dos header from C:\WINDOWS\SYSTEM32\profapi.dll
[0717/155011:ERROR:process_reader_win.cc(232)] ReadMemory at 0x72690000 of 64 bytes failed: Nur ein Teil der ReadProcessMemory- oder WriteProcessMemory-Anforderung wurde abgeschlossen. (0x12B)
[0717/155011:WARNING:pe_image_reader.cc(280)] could not read dos header from C:\WINDOWS\SYSTEM32\USERENV.dll
[0717/155011:ERROR:process_reader_win.cc(232)] ReadMemory at 0x73d70000 of 64 bytes failed: Nur ein Teil der ReadProcessMemory- oder WriteProcessMemory-Anforderung wurde abgeschlossen. (0x12B)
[0717/155011:WARNING:pe_image_reader.cc(280)] could not read dos header from C:\WINDOWS\SYSTEM32\WTSAPI32.dll
[0717/155011:ERROR:process_reader_win.cc(232)] ReadMemory at 0x72790000 of 64 bytes failed: Nur ein Teil der ReadProcessMemory- oder WriteProcessMemory-Anforderung wurde abgeschlossen. (0x12B)
[0717/155011:WARNING:pe_image_reader.cc(280)] could not read dos header from C:\WINDOWS\SYSTEM32\WINHTTP.dll
[0717/155011:ERROR:process_reader_win.cc(232)] ReadMemory at 0x75380000 of 64 bytes failed: Nur ein Teil der ReadProcessMemory- oder WriteProcessMemory-Anforderung wurde abgeschlossen. (0x12B)
[0717/155011:WARNING:pe_image_reader.cc(280)] could not read dos header from C:\WINDOWS\SYSTEM32\combase.dll
[0717/155011:ERROR:process_reader_win.cc(232)] ReadMemory at 0x75540000 of 64 bytes failed: Nur ein Teil der ReadProcessMemory- oder WriteProcessMemory-Anforderung wurde abgeschlossen. (0x12B)
[0717/155011:WARNING:pe_image_reader.cc(280)] could not read dos header from C:\WINDOWS\SYSTEM32\shlwapi.dll
[0717/155011:ERROR:process_reader_win.cc(232)] ReadMemory at 0x75880000 of 64 bytes failed: Nur ein Teil der ReadProcessMemory- oder WriteProcessMemory-Anforderung wurde abgeschlossen. (0x12B)
[0717/155011:WARNING:pe_image_reader.cc(280)] could not read dos header from C:\WINDOWS\SYSTEM32\kernel.appcore.dll
[0717/155011:ERROR:process_reader_win.cc(232)] ReadMemory at 0x74f60000 of 64 bytes failed: Nur ein Teil der ReadProcessMemory- oder WriteProcessMemory-Anforderung wurde abgeschlossen. (0x12B)
[0717/155011:WARNING:pe_image_reader.cc(280)] could not read dos header from C:\WINDOWS\SYSTEM32\shcore.dll
[0717/155011:ERROR:process_reader_win.cc(232)] ReadMemory at 0x74d80000 of 64 bytes failed: Nur ein Teil der ReadProcessMemory- oder WriteProcessMemory-Anforderung wurde abgeschlossen. (0x12B)
[0717/155011:WARNING:pe_image_reader.cc(280)] could not read dos header from C:\WINDOWS\SYSTEM32\powrprof.dll
[0717/155011:ERROR:process_reader_win.cc(232)] ReadMemory at 0x74830000 of 64 bytes failed: Nur ein Teil der ReadProcessMemory- oder WriteProcessMemory-Anforderung wurde abgeschlossen. (0x12B)
[0717/155011:WARNING:pe_image_reader.cc(280)] could not read dos header from C:\WINDOWS\SYSTEM32\windows.storage.dll
[0717/155011:ERROR:process_reader_win.cc(232)] ReadMemory at 0x75ea0000 of 64 bytes failed: Nur ein Teil der ReadProcessMemory- oder WriteProcessMemory-Anforderung wurde abgeschlossen. (0x12B)
[0717/155011:WARNING:pe_image_reader.cc(280)] could not read dos header from C:\WINDOWS\SYSTEM32\SHELL32.dll
[0717/155011:ERROR:process_reader_win.cc(232)] ReadMemory at 0x758f0000 of 64 bytes failed: Nur ein Teil der ReadProcessMemory- oder WriteProcessMemory-Anforderung wurde abgeschlossen. (0x12B)
[0717/155011:WARNING:pe_image_reader.cc(280)] could not read dos header from C:\WINDOWS\SYSTEM32\PSAPI.DLL
[0717/155011:ERROR:process_reader_win.cc(232)] ReadMemory at 0x72fe0000 of 64 bytes failed: Nur ein Teil der ReadProcessMemory- oder WriteProcessMemory-Anforderung wurde abgeschlossen. (0x12B)
[0717/155011:WARNING:pe_image_reader.cc(280)] could not read dos header from C:\WINDOWS\SYSTEM32\bcrypt.dll
[0717/155011:ERROR:process_reader_win.cc(232)] ReadMemory at 0x73060000 of 64 bytes failed: Nur ein Teil der ReadProcessMemory- oder WriteProcessMemory-Anforderung wurde abgeschlossen. (0x12B)
[0717/155011:WARNING:pe_image_reader.cc(280)] could not read dos header from C:\WINDOWS\SYSTEM32\WINSPOOL.DRV
[0717/155011:ERROR:process_reader_win.cc(232)] ReadMemory at 0x730d0000 of 64 bytes failed: Nur ein Teil der ReadProcessMemory- oder WriteProcessMemory-Anforderung wurde abgeschlossen. (0x12B)
[0717/155011:WARNING:pe_image_reader.cc(280)] could not read dos header from C:\WINDOWS\WinSxS\x86_microsoft.windows.common-controls_6595b64144ccf1df_6.0.10586.494_none_ea85e725b9ba5a4b\COMCTL32.dll
[0717/155011:ERROR:process_reader_win.cc(232)] ReadMemory at 0x75890000 of 64 bytes failed: Nur ein Teil der ReadProcessMemory- oder WriteProcessMemory-Anforderung wurde abgeschlossen. (0x12B)
[0717/155011:WARNING:pe_image_reader.cc(280)] could not read dos header from C:\WINDOWS\SYSTEM32\FirewallAPI.dll
[0717/155011:ERROR:process_reader_win.cc(232)] ReadMemory at 0x6dbb0000 of 64 bytes failed: Nur ein Teil der ReadProcessMemory- oder WriteProcessMemory-Anforderung wurde abgeschlossen. (0x12B)
[0717/155011:WARNING:pe_image_reader.cc(280)] could not read dos header from C:\WINDOWS\SYSTEM32\fwbase.dll
[0717/155011:ERROR:process_reader_win.cc(232)] ReadMemory at 0x75600000 of 64 bytes failed: Nur ein Teil der ReadProcessMemory- oder WriteProcessMemory-Anforderung wurde abgeschlossen. (0x12B)
[0717/155011:WARNING:pe_image_reader.cc(280)] could not read dos header from C:\WINDOWS\SYSTEM32\NETAPI32.dll
[0717/155011:ERROR:process_reader_win.cc(232)] ReadMemory at 0x70b40000 of 64 bytes failed: Nur ein Teil der ReadProcessMemory- oder WriteProcessMemory-Anforderung wurde abgeschlossen. (0x12B)
[0717/155011:WARNING:pe_image_reader.cc(280)] could not read dos header from C:\WINDOWS\SYSTEM32\DAVHLPR.DLL
[0717/155011:ERROR:process_reader_win.cc(232)] ReadMemory at 0x75620000 of 64 bytes failed: Nur ein Teil der ReadProcessMemory- oder WriteProcessMemory-Anforderung wurde abgeschlossen. (0x12B)
[0717/155011:WARNING:pe_image_reader.cc(280)] could not read dos header from C:\WINDOWS\SYSTEM32\COMDLG32.dll
[0717/155011:ERROR:process_reader_win.cc(232)] ReadMemory at 0x74210000 of 64 bytes failed: Nur ein Teil der ReadProcessMemory- oder WriteProcessMemory-Anforderung wurde abgeschlossen. (0x12B)
[0717/155011:WARNING:pe_image_reader.cc(280)] could not read dos header from C:\WINDOWS\SYSTEM32\ole32.dll
[0717/155011:ERROR:process_reader_win.cc(232)] ReadMemory at 0x75900000 of 64 bytes failed: Nur ein Teil der ReadProcessMemory- oder WriteProcessMemory-Anforderung wurde abgeschlossen. (0x12B)
[0717/155011:WARNING:pe_image_reader.cc(280)] could not read dos header from C:\WINDOWS\SYSTEM32\OLEAUT32.dll
[0717/155011:ERROR:process_reader_win.cc(232)] ReadMemory at 0x73d80000 of 64 bytes failed: Nur ein Teil der ReadProcessMemory- oder WriteProcessMemory-Anforderung wurde abgeschlossen. (0x12B)
[0717/155011:WARNING:pe_image_reader.cc(280)] could not read dos header from C:\WINDOWS\SYSTEM32\IPHLPAPI.DLL
[0717/155011:ERROR:process_reader_win.cc(232)] ReadMemory at 0x75a60000 of 64 bytes failed: Nur ein Teil der ReadProcessMemory- oder WriteProcessMemory-Anforderung wurde abgeschlossen. (0x12B)
[0717/155011:WARNING:pe_image_reader.cc(280)] could not read dos header from C:\WINDOWS\SYSTEM32\WS2_32.dll
[0717/155011:ERROR:process_reader_win.cc(232)] ReadMemory at 0x6dde0000 of 64 bytes failed: Nur ein Teil der ReadProcessMemory- oder WriteProcessMemory-Anforderung wurde abgeschlossen. (0x12B)
[0717/155011:WARNING:pe_image_reader.cc(280)] could not read dos header from C:\WINDOWS\SYSTEM32\USP10.dll
[0717/155011:ERROR:process_reader_win.cc(232)] ReadMemory at 0x755f0000 of 64 bytes failed: Nur ein Teil der ReadProcessMemory- oder WriteProcessMemory-Anforderung wurde abgeschlossen. (0x12B)
[0717/155011:WARNING:pe_image_reader.cc(280)] could not read dos header from C:\WINDOWS\SYSTEM32\MSASN1.dll
[0717/155011:ERROR:process_reader_win.cc(232)] ReadMemory at 0x74020000 of 64 bytes failed: Nur ein Teil der ReadProcessMemory- oder WriteProcessMemory-Anforderung wurde abgeschlossen. (0x12B)
[0717/155011:WARNING:pe_image_reader.cc(280)] could not read dos header from C:\WINDOWS\SYSTEM32\CRYPT32.dll
[0717/155011:ERROR:process_reader_win.cc(232)] ReadMemory at 0x74d30000 of 64 bytes failed: Nur ein Teil der ReadProcessMemory- oder WriteProcessMemory-Anforderung wurde abgeschlossen. (0x12B)
[0717/155011:WARNING:pe_image_reader.cc(280)] could not read dos header from C:\WINDOWS\SYSTEM32\WINTRUST.dll
[0717/155011:ERROR:process_reader_win.cc(232)] ReadMemory at 0x73db0000 of 64 bytes failed: Nur ein Teil der ReadProcessMemory- oder WriteProcessMemory-Anforderung wurde abgeschlossen. (0x12B)
[0717/155011:WARNING:pe_image_reader.cc(280)] could not read dos header from C:\WINDOWS\SYSTEM32\Secur32.dll
[0717/155011:ERROR:process_reader_win.cc(232)] ReadMemory at 0x57ba0000 of 64 bytes failed: Nur ein Teil der ReadProcessMemory- oder WriteProcessMemory-Anforderung wurde abgeschlossen. (0x12B)
[0717/155011:WARNING:pe_image_reader.cc(280)] could not read dos header from C:\Program Files (x86)\Google\Chrome\Application\51.0.2704.103\chrome_child.dll
[0717/155011:ERROR:process_reader_win.cc(232)] ReadMemory at 0x700d0000 of 64 bytes failed: Nur ein Teil der ReadProcessMemory- oder WriteProcessMemory-Anforderung wurde abgeschlossen. (0x12B)
[0717/155011:WARNING:pe_image_reader.cc(280)] could not read dos header from C:\WINDOWS\SYSTEM32\dwrite.dll
[0717/155011:ERROR:process_reader_win.cc(98)] process 6828 not found
[0717/155011:ERROR:process_reader_win.cc(232)] ReadMemory at 0xe40000 of 64 bytes failed: Nur ein Teil der ReadProcessMemory- oder WriteProcessMemory-Anforderung wurde abgeschlossen. (0x12B)
[0717/155011:WARNING:pe_image_reader.cc(280)] could not read dos header from C:\Program Files (x86)\Google\Chrome\Application\chrome.exe
[0717/155011:ERROR:process_reader_win.cc(232)] ReadMemory at 0x77380000 of 64 bytes failed: Nur ein Teil der ReadProcessMemory- oder WriteProcessMemory-Anforderung wurde abgeschlossen. (0x12B)
[0717/155011:WARNING:pe_image_reader.cc(280)] could not read dos header from C:\WINDOWS\SYSTEM32\ntdll.dll
[0717/155011:ERROR:process_reader_win.cc(232)] ReadMemory at 0x75bb0000 of 64 bytes failed: Nur ein Teil der ReadProcessMemory- oder WriteProcessMemory-Anforderung wurde abgeschlossen. (0x12B)
[0717/155011:WARNING:pe_image_reader.cc(280)] could not read dos header from C:\WINDOWS\SYSTEM32\KERNELBASE.dll
[0717/155011:ERROR:process_reader_win.cc(232)] ReadMemory at 0x74e80000 of 64 bytes failed: Nur ein Teil der ReadProcessMemory- oder WriteProcessMemory-Anforderung wurde abgeschlossen. (0x12B)
[0717/155011:WARNING:pe_image_reader.cc(280)] could not read dos header from C:\WINDOWS\SYSTEM32\KERNEL32.DLL
[0717/155011:ERROR:process_reader_win.cc(232)] ReadMemory at 0x6d0c0000 of 64 bytes failed: Nur ein Teil der ReadProcessMemory- oder WriteProcessMemory-Anforderung wurde abgeschlossen. (0x12B)
[0717/155011:WARNING:pe_image_reader.cc(280)] could not read dos header from C:\WINDOWS\system32\apphelp.dll
[0717/155011:ERROR:process_reader_win.cc(232)] ReadMemory at 0x75140000 of 64 bytes failed: Nur ein Teil der ReadProcessMemory- oder WriteProcessMemory-Anforderung wurde abgeschlossen. (0x12B)
[0717/155011:WARNING:pe_image_reader.cc(280)] could not read dos header from C:\WINDOWS\SYSTEM32\msvcrt.dll
[0717/155011:ERROR:process_reader_win.cc(232)] ReadMemory at 0x75ac0000 of 64 bytes failed: Nur ein Teil der ReadProcessMemory- oder WriteProcessMemory-Anforderung wurde abgeschlossen. (0x12B)
[0717/155011:WARNING:pe_image_reader.cc(280)] could not read dos header from C:\WINDOWS\SYSTEM32\bcryptPrimitives.dll
[0717/155011:ERROR:process_reader_win.cc(232)] ReadMemory at 0x73fc0000 of 64 bytes failed: Nur ein Teil der ReadProcessMemory- oder WriteProcessMemory-Anforderung wurde abgeschlossen. (0x12B)
[0717/155011:WARNING:pe_image_reader.cc(280)] could not read dos header from C:\WINDOWS\SYSTEM32\CRYPTBASE.dll
[0717/155011:ERROR:process_reader_win.cc(232)] ReadMemory at 0x73fd0000 of 64 bytes failed: Nur ein Teil der ReadProcessMemory- oder WriteProcessMemory-Anforderung wurde abgeschlossen. (0x12B)
[0717/155011:WARNING:pe_image_reader.cc(280)] could not read dos header from C:\WINDOWS\SYSTEM32\SspiCli.dll
[0717/155011:ERROR:process_reader_win.cc(232)] ReadMemory at 0x74dd0000 of 64 bytes failed: Nur ein Teil der ReadProcessMemory- oder WriteProcessMemory-Anforderung wurde abgeschlossen. (0x12B)
[0717/155011:WARNING:pe_image_reader.cc(280)] could not read dos header from C:\WINDOWS\SYSTEM32\RPCRT4.dll
[0717/155011:ERROR:process_reader_win.cc(232)] ReadMemory at 0x741a0000 of 64 bytes failed: Nur ein Teil der ReadProcessMemory- oder WriteProcessMemory-Anforderung wurde abgeschlossen. (0x12B)
[0717/155011:WARNING:pe_image_reader.cc(280)] could not read dos header from C:\WINDOWS\SYSTEM32\sechost.dll
[0717/155011:ERROR:process_reader_win.cc(232)] ReadMemory at 0x75200000 of 64 bytes failed: Nur ein Teil der ReadProcessMemory- oder WriteProcessMemory-Anforderung wurde abgeschlossen. (0x12B)
[0717/155011:WARNING:pe_image_reader.cc(280)] could not read dos header from C:\WINDOWS\SYSTEM32\ADVAPI32.dll
[0717/155011:ERROR:process_reader_win.cc(232)] ReadMemory at 0x5f630000 of 64 bytes failed: Nur ein Teil der ReadProcessMemory- oder WriteProcessMemory-Anforderung wurde abgeschlossen. (0x12B)
[0717/155011:WARNING:pe_image_reader.cc(280)] could not read dos header from C:\Program Files (x86)\Norton 360\NortonData\22.5.2.15\Definitions\IPSDefs\20160715.001\IPSEng32.dll
[0717/155011:ERROR:process_reader_win.cc(232)] ReadMemory at 0x5f600000 of 64 bytes failed: Nur ein Teil der ReadProcessMemory- oder WriteProcessMemory-Anforderung wurde abgeschlossen. (0x12B)
[0717/155011:WARNING:pe_image_reader.cc(280)] could not read dos header from C:\Program Files (x86)\Google\Chrome\Application\51.0.2704.103\chrome_elf.dll
[0717/155011:ERROR:process_reader_win.cc(232)] ReadMemory at 0x73be0000 of 64 bytes failed: Nur ein Teil der ReadProcessMemory- oder WriteProcessMemory-Anforderung wurde abgeschlossen. (0x12B)
[0717/155011:WARNING:pe_image_reader.cc(280)] could not read dos header from C:\WINDOWS\SYSTEM32\VERSION.dll
[0717/155011:ERROR:process_reader_win.cc(232)] ReadMemory at 0x75280000 of 64 bytes failed: Nur ein Teil der ReadProcessMemory- oder WriteProcessMemory-Anforderung wurde abgeschlossen. (0x12B)
[0717/155011:WARNING:pe_image_reader.cc(280)] could not read dos header from C:\WINDOWS\SYSTEM32\cfgmgr32.dll
[0717/155011:ERROR:process_reader_win.cc(232)] ReadMemory at 0x72f80000 of 64 bytes failed: Nur ein Teil der ReadProcessMemory- oder WriteProcessMemory-Anforderung wurde abgeschlossen. (0x12B)
[0717/155011:WARNING:pe_image_reader.cc(280)] could not read dos header from C:\WINDOWS\SYSTEM32\WINMMBASE.dll
[0717/155011:ERROR:process_reader_win.cc(232)] ReadMemory at 0x74ff0000 of 64 bytes failed: Nur ein Teil der ReadProcessMemory- oder WriteProcessMemory-Anforderung wurde abgeschlossen. (0x12B)
[0717/155011:WARNING:pe_image_reader.cc(280)] could not read dos header from C:\WINDOWS\SYSTEM32\GDI32.dll
[0717/155011:ERROR:process_reader_win.cc(232)] ReadMemory at 0x75720000 of 64 bytes failed: Nur ein Teil der ReadProcessMemory- oder WriteProcessMemory-Anforderung wurde abgeschlossen. (0x12B)
[0717/155011:WARNING:pe_image_reader.cc(280)] could not read dos header from C:\WINDOWS\SYSTEM32\USER32.dll
[0717/155011:ERROR:process_reader_win.cc(232)] ReadMemory at 0x73ff0000 of 64 bytes failed: Nur ein Teil der ReadProcessMemory- oder WriteProcessMemory-Anforderung wurde abgeschlossen. (0x12B)
[0717/155011:WARNING:pe_image_reader.cc(280)] could not read dos header from C:\WINDOWS\SYSTEM32\IMM32.DLL
[0717/155011:ERROR:process_reader_win.cc(232)] ReadMemory at 0x72fb0000 of 64 bytes failed: Nur ein Teil der ReadProcessMemory- oder WriteProcessMemory-Anforderung wurde abgeschlossen. (0x12B)
[0717/155011:WARNING:pe_image_reader.cc(280)] could not read dos header from C:\WINDOWS\SYSTEM32\WINMM.dll
[0717/155011:ERROR:process_reader_win.cc(232)] ReadMemory at 0x741f0000 of 64 bytes failed: Nur ein Teil der ReadProcessMemory- oder WriteProcessMemory-Anforderung wurde abgeschlossen. (0x12B)
[0717/155011:WARNING:pe_image_reader.cc(280)] could not read dos header from C:\WINDOWS\SYSTEM32\profapi.dll
[0717/155011:ERROR:process_reader_win.cc(232)] ReadMemory at 0x72690000 of 64 bytes failed: Nur ein Teil der ReadProcessMemory- oder WriteProcessMemory-Anforderung wurde abgeschlossen. (0x12B)
[0717/155011:WARNING:pe_image_reader.cc(280)] could not read dos header from C:\WINDOWS\SYSTEM32\USERENV.dll
[0717/155011:ERROR:process_reader_win.cc(232)] ReadMemory at 0x73d70000 of 64 bytes failed: Nur ein Teil der ReadProcessMemory- oder WriteProcessMemory-Anforderung wurde abgeschlossen. (0x12B)
[0717/155011:WARNING:pe_image_reader.cc(280)] could not read dos header from C:\WINDOWS\SYSTEM32\WTSAPI32.dll
[0717/155011:ERROR:process_reader_win.cc(232)] ReadMemory at 0x72790000 of 64 bytes failed: Nur ein Teil der ReadProcessMemory- oder WriteProcessMemory-Anforderung wurde abgeschlossen. (0x12B)
[0717/155011:WARNING:pe_image_reader.cc(280)] could not read dos header from C:\WINDOWS\SYSTEM32\WINHTTP.dll
[0717/155011:ERROR:process_reader_win.cc(232)] ReadMemory at 0x75380000 of 64 bytes failed: Nur ein Teil der ReadProcessMemory- oder WriteProcessMemory-Anforderung wurde abgeschlossen. (0x12B)
[0717/155011:WARNING:pe_image_reader.cc(280)] could not read dos header from C:\WINDOWS\SYSTEM32\combase.dll
[0717/155011:ERROR:process_reader_win.cc(232)] ReadMemory at 0x75540000 of 64 bytes failed: Nur ein Teil der ReadProcessMemory- oder WriteProcessMemory-Anforderung wurde abgeschlossen. (0x12B)
[0717/155011:WARNING:pe_image_reader.cc(280)] could not read dos header from C:\WINDOWS\SYSTEM32\shlwapi.dll
[0717/155011:ERROR:process_reader_win.cc(232)] ReadMemory at 0x75880000 of 64 bytes failed: Nur ein Teil der ReadProcessMemory- oder WriteProcessMemory-Anforderung wurde abgeschlossen. (0x12B)
[0717/155011:WARNING:pe_image_reader.cc(280)] could not read dos header from C:\WINDOWS\SYSTEM32\kernel.appcore.dll
[0717/155011:ERROR:process_reader_win.cc(232)] ReadMemory at 0x74f60000 of 64 bytes failed: Nur ein Teil der ReadProcessMemory- oder WriteProcessMemory-Anforderung wurde abgeschlossen. (0x12B)
[0717/155011:WARNING:pe_image_reader.cc(280)] could not read dos header from C:\WINDOWS\SYSTEM32\shcore.dll
[0717/155011:ERROR:process_reader_win.cc(232)] ReadMemory at 0x74d80000 of 64 bytes failed: Nur ein Teil der ReadProcessMemory- oder WriteProcessMemory-Anforderung wurde abgeschlossen. (0x12B)
[0717/155011:WARNING:pe_image_reader.cc(280)] could not read dos header from C:\WINDOWS\SYSTEM32\powrprof.dll
[0717/155011:ERROR:process_reader_win.cc(232)] ReadMemory at 0x74830000 of 64 bytes failed: Nur ein Teil der ReadProcessMemory- oder WriteProcessMemory-Anforderung wurde abgeschlossen. (0x12B)
[0717/155011:WARNING:pe_image_reader.cc(280)] could not read dos header from C:\WINDOWS\SYSTEM32\windows.storage.dll
[0717/155011:ERROR:process_reader_win.cc(232)] ReadMemory at 0x75ea0000 of 64 bytes failed: Nur ein Teil der ReadProcessMemory- oder WriteProcessMemory-Anforderung wurde abgeschlossen. (0x12B)
[0717/155011:WARNING:pe_image_reader.cc(280)] could not read dos header from C:\WINDOWS\SYSTEM32\SHELL32.dll
[0717/155011:ERROR:process_reader_win.cc(232)] ReadMemory at 0x758f0000 of 64 bytes failed: Nur ein Teil der ReadProcessMemory- oder WriteProcessMemory-Anforderung wurde abgeschlossen. (0x12B)
[0717/155011:WARNING:pe_image_reader.cc(280)] could not read dos header from C:\WINDOWS\SYSTEM32\PSAPI.DLL
[0717/155011:ERROR:process_reader_win.cc(232)] ReadMemory at 0x72fe0000 of 64 bytes failed: Nur ein Teil der ReadProcessMemory- oder WriteProcessMemory-Anforderung wurde abgeschlossen. (0x12B)
[0717/155011:WARNING:pe_image_reader.cc(280)] could not read dos header from C:\WINDOWS\SYSTEM32\bcrypt.dll
[0717/155011:ERROR:process_reader_win.cc(232)] ReadMemory at 0x73060000 of 64 bytes failed: Nur ein Teil der ReadProcessMemory- oder WriteProcessMemory-Anforderung wurde abgeschlossen. (0x12B)
[0717/155011:WARNING:pe_image_reader.cc(280)] could not read dos header from C:\WINDOWS\SYSTEM32\WINSPOOL.DRV
[0717/155011:ERROR:process_reader_win.cc(232)] ReadMemory at 0x730d0000 of 64 bytes failed: Nur ein Teil der ReadProcessMemory- oder WriteProcessMemory-Anforderung wurde abgeschlossen. (0x12B)
[0717/155011:WARNING:pe_image_reader.cc(280)] could not read dos header from C:\WINDOWS\WinSxS\x86_microsoft.windows.common-controls_6595b64144ccf1df_6.0.10586.494_none_ea85e725b9ba5a4b\COMCTL32.dll
[0717/155011:ERROR:process_reader_win.cc(232)] ReadMemory at 0x75890000 of 64 bytes failed: Nur ein Teil der ReadProcessMemory- oder WriteProcessMemory-Anforderung wurde abgeschlossen. (0x12B)
[0717/155011:WARNING:pe_image_reader.cc(280)] could not read dos header from C:\WINDOWS\SYSTEM32\FirewallAPI.dll
[0717/155011:ERROR:process_reader_win.cc(232)] ReadMemory at 0x6dbb0000 of 64 bytes failed: Nur ein Teil der ReadProcessMemory- oder WriteProcessMemory-Anforderung wurde abgeschlossen. (0x12B)
[0717/155011:WARNING:pe_image_reader.cc(280)] could not read dos header from C:\WINDOWS\SYSTEM32\fwbase.dll
[0717/155011:ERROR:process_reader_win.cc(232)] ReadMemory at 0x75600000 of 64 bytes failed: Nur ein Teil der ReadProcessMemory- oder WriteProcessMemory-Anforderung wurde abgeschlossen. (0x12B)
[0717/155011:WARNING:pe_image_reader.cc(280)] could not read dos header from C:\WINDOWS\SYSTEM32\NETAPI32.dll
[0717/155011:ERROR:process_reader_win.cc(232)] ReadMemory at 0x70b40000 of 64 bytes failed: Nur ein Teil der ReadProcessMemory- oder WriteProcessMemory-Anforderung wurde abgeschlossen. (0x12B)
[0717/155011:WARNING:pe_image_reader.cc(280)] could not read dos header from C:\WINDOWS\SYSTEM32\DAVHLPR.DLL
[0717/155011:ERROR:process_reader_win.cc(232)] ReadMemory at 0x75620000 of 64 bytes failed: Nur ein Teil der ReadProcessMemory- oder WriteProcessMemory-Anforderung wurde abgeschlossen. (0x12B)
[0717/155011:WARNING:pe_image_reader.cc(280)] could not read dos header from C:\WINDOWS\SYSTEM32\COMDLG32.dll
[0717/155011:ERROR:process_reader_win.cc(232)] ReadMemory at 0x74210000 of 64 bytes failed: Nur ein Teil der ReadProcessMemory- oder WriteProcessMemory-Anforderung wurde abgeschlossen. (0x12B)
[0717/155011:WARNING:pe_image_reader.cc(280)] could not read dos header from C:\WINDOWS\SYSTEM32\ole32.dll
[0717/155011:ERROR:process_reader_win.cc(232)] ReadMemory at 0x75900000 of 64 bytes failed: Nur ein Teil der ReadProcessMemory- oder WriteProcessMemory-Anforderung wurde abgeschlossen. (0x12B)
[0717/155011:WARNING:pe_image_reader.cc(280)] could not read dos header from C:\WINDOWS\SYSTEM32\OLEAUT32.dll
[0717/155011:ERROR:process_reader_win.cc(232)] ReadMemory at 0x73d80000 of 64 bytes failed: Nur ein Teil der ReadProcessMemory- oder WriteProcessMemory-Anforderung wurde abgeschlossen. (0x12B)
[0717/155011:WARNING:pe_image_reader.cc(280)] could not read dos header from C:\WINDOWS\SYSTEM32\IPHLPAPI.DLL
[0717/155011:ERROR:process_reader_win.cc(232)] ReadMemory at 0x75a60000 of 64 bytes failed: Nur ein Teil der ReadProcessMemory- oder WriteProcessMemory-Anforderung wurde abgeschlossen. (0x12B)
[0717/155011:WARNING:pe_image_reader.cc(280)] could not read dos header from C:\WINDOWS\SYSTEM32\WS2_32.dll
[0717/155011:ERROR:process_reader_win.cc(232)] ReadMemory at 0x6dde0000 of 64 bytes failed: Nur ein Teil der ReadProcessMemory- oder WriteProcessMemory-Anforderung wurde abgeschlossen. (0x12B)
[0717/155011:WARNING:pe_image_reader.cc(280)] could not read dos header from C:\WINDOWS\SYSTEM32\USP10.dll
[0717/155011:ERROR:process_reader_win.cc(232)] ReadMemory at 0x755f0000 of 64 bytes failed: Nur ein Teil der ReadProcessMemory- oder WriteProcessMemory-Anforderung wurde abgeschlossen. (0x12B)
[0717/155011:WARNING:pe_image_reader.cc(280)] could not read dos header from C:\WINDOWS\SYSTEM32\MSASN1.dll
[0717/155011:ERROR:process_reader_win.cc(232)] ReadMemory at 0x74020000 of 64 bytes failed: Nur ein Teil der ReadProcessMemory- oder WriteProcessMemory-Anforderung wurde abgeschlossen. (0x12B)
[0717/155011:WARNING:pe_image_reader.cc(280)] could not read dos header from C:\WINDOWS\SYSTEM32\CRYPT32.dll
[0717/155011:ERROR:process_reader_win.cc(232)] ReadMemory at 0x74d30000 of 64 bytes failed: Nur ein Teil der ReadProcessMemory- oder WriteProcessMemory-Anforderung wurde abgeschlossen. (0x12B)
[0717/155011:WARNING:pe_image_reader.cc(280)] could not read dos header from C:\WINDOWS\SYSTEM32\WINTRUST.dll
[0717/155011:ERROR:process_reader_win.cc(232)] ReadMemory at 0x73db0000 of 64 bytes failed: Nur ein Teil der ReadProcessMemory- oder WriteProcessMemory-Anforderung wurde abgeschlossen. (0x12B)
[0717/155011:WARNING:pe_image_reader.cc(280)] could not read dos header from C:\WINDOWS\SYSTEM32\Secur32.dll
[0717/155011:ERROR:process_reader_win.cc(232)] ReadMemory at 0x57ba0000 of 64 bytes failed: Nur ein Teil der ReadProcessMemory- oder WriteProcessMemory-Anforderung wurde abgeschlossen. (0x12B)
[0717/155011:WARNING:pe_image_reader.cc(280)] could not read dos header from C:\Program Files (x86)\Google\Chrome\Application\51.0.2704.103\chrome_child.dll
[0717/155011:ERROR:process_reader_win.cc(232)] ReadMemory at 0x700d0000 of 64 bytes failed: Nur ein Teil der ReadProcessMemory- oder WriteProcessMemory-Anforderung wurde abgeschlossen. (0x12B)
[0717/155011:WARNING:pe_image_reader.cc(280)] could not read dos header from C:\WINDOWS\SYSTEM32\dwrite.dll
[0717/155011:ERROR:process_reader_win.cc(232)] ReadMemory at 0xefc374 of 12 bytes failed: Nur ein Teil der ReadProcessMemory- oder WriteProcessMemory-Anforderung wurde abgeschlossen. (0x12B)
[0717/155011:WARNING:process_snapshot_win.cc(102)] ReadMemory ExceptionInformation failed
[0717/155011:WARNING:crash_report_exception_handler.cc(60)] ProcessSnapshotWin::InitializeException failed
[0717/155011:ERROR:scoped_process_suspend.cc(38)] NtResumeProcess, ntstatus=-1073741558
